<?xml version="1.0" encoding="UTF-8"?>
<!-- Generated by org.testng.reporters.JUnitReportReporter -->
<testsuite hostname="LIN51015648" failures="0" tests="2" name="tests.VolumePlanningATG.UpdatePipifill" time="202.028" errors="0" timestamp="2022-08-03T12:09:25 IST" skipped="0">
  <testcase classname="tests.VolumePlanningATG.UpdatePipifill" name="Login" time="14.179"/>
  <system-out/>
  <testcase classname="tests.VolumePlanningATG.UpdatePipifill" name="process" time="187.849"/>
  <system-out/>
</testsuite> <!-- tests.VolumePlanningATG.UpdatePipifill -->
