<?xml version="1.0" encoding="UTF-8"?>
<!-- Generated by org.testng.reporters.JUnitReportReporter -->
<testsuite hostname="LIN51015648" failures="0" tests="1" name="tests.QITS.TemplateTestCase" time="1.269" errors="0" timestamp="2022-04-09T20:44:40 IST" skipped="0">
  <testcase classname="tests.QITS.TemplateTestCase" name="process" time="1.269"/>
  <system-out/>
</testsuite> <!-- tests.QITS.TemplateTestCase -->
