<?xml version="1.0" encoding="UTF-8"?>
<!-- Generated by org.testng.reporters.JUnitReportReporter -->
<testsuite hostname="LIN51015648" failures="0" tests="2" name="tests.QITS.TC_03_NewPlantMatSuppConnect" time="35.722" errors="0" timestamp="2022-05-02T12:53:45 IST" skipped="0">
  <testcase classname="tests.QITS.TC_03_NewPlantMatSuppConnect" name="Login" time="22.152"/>
  <system-out/>
  <testcase classname="tests.QITS.TC_03_NewPlantMatSuppConnect" name="NewPlantMatSuppConnectEntry" time="13.570"/>
  <system-out/>
</testsuite> <!-- tests.QITS.TC_03_NewPlantMatSuppConnect -->
