<?xml version="1.0" encoding="UTF-8"?>
<!-- Generated by org.testng.reporters.JUnitReportReporter -->
<testsuite hostname="LIN51015648" failures="0" tests="2" name="tests.QITS.TC04_MaterialSpecification" time="44.444" errors="0" timestamp="2022-07-27T15:14:23 IST" skipped="0">
  <testcase classname="tests.QITS.TC04_MaterialSpecification" name="materialSpecification" time="26.267"/>
  <system-out/>
  <testcase classname="tests.QITS.TC04_MaterialSpecification" name="Login" time="18.177"/>
  <system-out/>
</testsuite> <!-- tests.QITS.TC04_MaterialSpecification -->
