<?xml version="1.0" encoding="UTF-8"?>
<!-- Generated by org.testng.reporters.JUnitReportReporter -->
<testsuite hostname="LIN51015648" failures="0" tests="3" name="tests.VolumePlanningATG.DataImport" time="75.414" errors="0" timestamp="2022-07-12T12:31:56 IST" skipped="0">
  <testcase classname="tests.VolumePlanningATG.DataImport" name="Login" time="14.795"/>
  <system-out/>
  <testcase classname="tests.VolumePlanningATG.DataImport" name="dataImport" time="58.133"/>
  <system-out/>
  <testcase classname="tests.VolumePlanningATG.DataImport" name="ROSscreen" time="2.486"/>
  <system-out/>
</testsuite> <!-- tests.VolumePlanningATG.DataImport -->
