<?xml version="1.0" encoding="UTF-8"?>
<!-- Generated by org.testng.reporters.JUnitReportReporter -->
<testsuite hostname="LIN51015648" failures="0" tests="2" name="tests.QITS.TC05_RetrospectiveMethods" time="70.526" errors="0" timestamp="2022-08-09T15:04:10 IST" skipped="0">
  <testcase classname="tests.QITS.TC05_RetrospectiveMethods" name="process" time="49.106"/>
  <system-out/>
  <testcase classname="tests.QITS.TC05_RetrospectiveMethods" name="Login" time="21.420"/>
  <system-out/>
</testsuite> <!-- tests.QITS.TC05_RetrospectiveMethods -->
