<?xml version="1.0" encoding="UTF-8"?>
<!-- Generated by org.testng.reporters.JUnitReportReporter -->
<testsuite hostname="LIN51015648" failures="0" tests="2" name="tests.PackageValidation.UploadDoc" time="74.862" errors="0" timestamp="2022-06-30T15:34:18 IST" skipped="0">
  <testcase classname="tests.PackageValidation.UploadDoc" name="Login" time="34.739"/>
  <system-out/>
  <testcase classname="tests.PackageValidation.UploadDoc" name="process" time="40.123"/>
  <system-out/>
</testsuite> <!-- tests.PackageValidation.UploadDoc -->
