<?xml version="1.0" encoding="UTF-8"?>
<!-- Generated by org.testng.reporters.JUnitReportReporter -->
<testsuite hostname="LIN51015648" failures="0" tests="1" name="tests.BDA.sharepoint" time="27.146" errors="0" timestamp="2023-04-20T18:12:36 IST" skipped="0">
  <testcase classname="tests.BDA.sharepoint" name="Login" time="27.146"/>
  <system-out/>
</testsuite> <!-- tests.BDA.sharepoint -->
