<?xml version="1.0" encoding="UTF-8"?>
<!-- Generated by org.testng.reporters.JUnitReportReporter -->
<testsuite hostname="LIN51015648" failures="0" tests="2" name="tests.VolumePlanningATG.UpdateBenchmark" time="27.836" errors="0" timestamp="2022-07-13T14:25:48 IST" skipped="0">
  <testcase classname="tests.VolumePlanningATG.UpdateBenchmark" name="Login" time="14.468"/>
  <system-out/>
  <testcase classname="tests.VolumePlanningATG.UpdateBenchmark" name="updateBenchmark" time="13.368"/>
  <system-out/>
</testsuite> <!-- tests.VolumePlanningATG.UpdateBenchmark -->
