<?xml version="1.0" encoding="UTF-8"?>
<!-- Generated by org.testng.reporters.JUnitReportReporter -->
<testsuite hostname="LIN51015648" failures="0" tests="2" name="tests.DigitalLogBookApplication.Form4_ColorworksDailyWasteLog" time="40.894" errors="0" timestamp="2022-09-19T16:35:10 IST" skipped="0">
  <testcase classname="tests.DigitalLogBookApplication.Form4_ColorworksDailyWasteLog" name="Login" time="15.053"/>
  <system-out/>
  <testcase classname="tests.DigitalLogBookApplication.Form4_ColorworksDailyWasteLog" name="storeSelection" time="25.841"/>
  <system-out/>
</testsuite> <!-- tests.DigitalLogBookApplication.Form4_ColorworksDailyWasteLog -->
