<?xml version="1.0" encoding="UTF-8"?>
<!-- Generated by org.testng.reporters.JUnitReportReporter -->
<testsuite hostname="LIN51015648" failures="0" tests="2" name="tests.QITS.TC06_goodReceived" time="105.610" errors="0" timestamp="2022-05-31T11:50:37 IST" skipped="0">
  <testcase classname="tests.QITS.TC06_goodReceived" name="process" time="91.142"/>
  <system-out/>
  <testcase classname="tests.QITS.TC06_goodReceived" name="Login" time="14.468"/>
  <system-out/>
</testsuite> <!-- tests.QITS.TC06_goodReceived -->
