<?xml version="1.0" encoding="UTF-8"?>
<!-- Generated by org.testng.reporters.JUnitReportReporter -->
<testsuite hostname="LIN51015648" failures="0" tests="2" name="tests.EFA.Template_Master" time="45.461" errors="0" timestamp="2023-08-09T19:26:46 IST" skipped="0">
  <testcase classname="tests.EFA.Template_Master" name="process" time="20.404"/>
  <system-out/>
  <testcase classname="tests.EFA.Template_Master" name="Login" time="25.057"/>
  <system-out/>
</testsuite> <!-- tests.EFA.Template_Master -->
