<?xml version="1.0" encoding="UTF-8"?>
<!-- Generated by org.testng.reporters.JUnitReportReporter -->
<testsuite hostname="LIN51015648" failures="0" tests="2" name="tests.VolumePlanningATG.SalesTeamApplication" time="32.232" errors="0" timestamp="2022-08-10T12:14:16 IST" skipped="0">
  <testcase classname="tests.VolumePlanningATG.SalesTeamApplication" name="process" time="16.747"/>
  <system-out/>
  <testcase classname="tests.VolumePlanningATG.SalesTeamApplication" name="Login" time="15.485"/>
  <system-out/>
</testsuite> <!-- tests.VolumePlanningATG.SalesTeamApplication -->
