<?xml version="1.0" encoding="UTF-8"?>
<!-- Generated by org.testng.reporters.JUnitReportReporter -->
<testsuite hostname="LIN51015648" failures="0" tests="2" name="tests.VolumePlanningATG.UpdateGSVNSV" time="31.327" errors="0" timestamp="2022-08-03T18:08:34 IST" skipped="0">
  <testcase classname="tests.VolumePlanningATG.UpdateGSVNSV" name="Login" time="15.408"/>
  <system-out/>
  <testcase classname="tests.VolumePlanningATG.UpdateGSVNSV" name="GSV" time="15.919"/>
  <system-out/>
</testsuite> <!-- tests.VolumePlanningATG.UpdateGSVNSV -->
