<?xml version="1.0" encoding="UTF-8"?>
<!-- Generated by org.testng.reporters.JUnitReportReporter -->
<testsuite hostname="LIN51015648" failures="0" tests="2" name="tests.BDA.ActionClick" time="63.485" errors="0" timestamp="2023-04-07T12:00:43 IST" skipped="0">
  <testcase classname="tests.BDA.ActionClick" name="process" time="41.138"/>
  <system-out/>
  <testcase classname="tests.BDA.ActionClick" name="Login" time="22.347"/>
  <system-out/>
</testsuite> <!-- tests.BDA.ActionClick -->
