<?xml version="1.0" encoding="UTF-8"?>
<!-- Generated by org.testng.reporters.JUnitReportReporter -->
<testsuite hostname="LIN51015648" failures="0" tests="2" name="tests.VolumePlanningATG.TemplateTestCase" time="15.976" errors="0" timestamp="2022-07-07T11:43:08 IST" skipped="0">
  <testcase classname="tests.VolumePlanningATG.TemplateTestCase" name="dataImport" time="0.002"/>
  <system-out/>
  <testcase classname="tests.VolumePlanningATG.TemplateTestCase" name="Login" time="15.974"/>
  <system-out/>
</testsuite> <!-- tests.VolumePlanningATG.TemplateTestCase -->
