<?xml version="1.0" encoding="UTF-8"?>
<!-- Generated by org.testng.reporters.JUnitReportReporter -->
<testsuite hostname="LIN51015648" failures="0" tests="2" name="tests.DigitalLogBookApplication.Form3_BinRotation" time="49.876" errors="0" timestamp="2022-09-16T15:31:41 IST" skipped="0">
  <testcase classname="tests.DigitalLogBookApplication.Form3_BinRotation" name="Login" time="17.687"/>
  <system-out/>
  <testcase classname="tests.DigitalLogBookApplication.Form3_BinRotation" name="storeSelection" time="32.189"/>
  <system-out/>
</testsuite> <!-- tests.DigitalLogBookApplication.Form3_BinRotation -->
