<?xml version="1.0" encoding="UTF-8"?>
<!-- Generated by org.testng.reporters.JUnitReportReporter -->
<testsuite hostname="LIN51015648" failures="0" tests="2" name="tests.DigitalLogBookApplication.TemplateTestCase" time="32.932" errors="0" timestamp="2022-09-15T12:18:06 IST" skipped="0">
  <testcase classname="tests.DigitalLogBookApplication.TemplateTestCase" name="Login" time="15.121"/>
  <system-out/>
  <testcase classname="tests.DigitalLogBookApplication.TemplateTestCase" name="storeSelection" time="17.811"/>
  <system-out/>
</testsuite> <!-- tests.DigitalLogBookApplication.TemplateTestCase -->
