<?xml version="1.0" encoding="UTF-8"?>
<!-- Generated by org.testng.reporters.JUnitReportReporter -->
<testsuite hostname="LIN51015648" failures="0" tests="2" name="tests.MWSuppMatrix.TC_12_EditSupplier" time="59.798" errors="0" timestamp="2022-08-26T16:15:19 IST" skipped="0">
  <testcase classname="tests.MWSuppMatrix.TC_12_EditSupplier" name="editSupplier" time="43.286"/>
  <system-out/>
  <testcase classname="tests.MWSuppMatrix.TC_12_EditSupplier" name="Login" time="16.512"/>
  <system-out/>
</testsuite> <!-- tests.MWSuppMatrix.TC_12_EditSupplier -->
