<?xml version="1.0" encoding="UTF-8"?>
<!-- Generated by org.testng.reporters.JUnitReportReporter -->
<testsuite hostname="LIN51015648" failures="0" tests="1" name="com.framework.TemplateTestCase" time="0.011" errors="0" timestamp="2022-09-15T11:51:21 IST" skipped="0">
  <testcase classname="com.framework.TemplateTestCase" name="process" time="0.011"/>
  <system-out/>
</testsuite> <!-- com.framework.TemplateTestCase -->
