<?xml version="1.0" encoding="UTF-8"?>
<!-- Generated by org.testng.reporters.JUnitReportReporter -->
<testsuite hostname="LIN51015648" failures="0" tests="2" name="tests.QITS.TC03_NewPlantMatSuppConnect" time="36.055" errors="0" timestamp="2022-05-05T15:39:53 IST" skipped="0">
  <testcase classname="tests.QITS.TC03_NewPlantMatSuppConnect" name="NewPlantMatSuppConnectEntry" time="15.344"/>
  <system-out/>
  <testcase classname="tests.QITS.TC03_NewPlantMatSuppConnect" name="Login" time="20.711"/>
  <system-out/>
</testsuite> <!-- tests.QITS.TC03_NewPlantMatSuppConnect -->
